<?xml version="1.0" encoding="UTF-8"?>
<coverage generated="1536074212270" clover="3.2.0">
  <project timestamp="1536074212270" name="All files">
    <metrics statements="99" coveredstatements="96" conditionals="58" coveredconditionals="55" methods="53" coveredmethods="50" elements="210" coveredelements="201" complexity="0" loc="99" ncloc="99" packages="2" files="10" classes="10">
      <package name="components">
        <metrics statements="89" coveredstatements="86" conditionals="58" coveredconditionals="55" methods="51" coveredmethods="48"/>
        <file name="FloatText.jsx" path="/Users/alexieyizhe/Documents/Projects/alexieyizhe.github.io/src/components/FloatText.jsx">
          <metrics statements="6" coveredstatements="6" conditionals="8" coveredconditionals="8" methods="3" coveredmethods="3"/>
          <line num="12" count="2" type="stmt"/>
          <line num="13" count="8" type="stmt"/>
          <line num="25" count="2" type="stmt"/>
          <line num="27" count="8" type="cond" truecount="2" falsecount="0"/>
          <line num="32" count="2" type="stmt"/>
          <line num="33" count="8" type="stmt"/>
        </file>
        <file name="GlitchText.jsx" path="/Users/alexieyizhe/Documents/Projects/alexieyizhe.github.io/src/components/GlitchText.jsx">
          <metrics statements="9" coveredstatements="9" conditionals="0" coveredconditionals="0" methods="7" coveredmethods="7"/>
          <line num="10" count="1" type="stmt"/>
          <line num="12" count="2" type="stmt"/>
          <line num="13" count="2" type="stmt"/>
          <line num="90" count="2" type="stmt"/>
          <line num="93" count="2" type="stmt"/>
          <line num="105" count="2" type="stmt"/>
          <line num="108" count="2" type="stmt"/>
          <line num="121" count="1" type="stmt"/>
          <line num="122" count="3" type="stmt"/>
        </file>
        <file name="HighlightText.jsx" path="/Users/alexieyizhe/Documents/Projects/alexieyizhe.github.io/src/components/HighlightText.jsx">
          <metrics statements="5" coveredstatements="5" conditionals="2" coveredconditionals="2" methods="3" coveredmethods="3"/>
          <line num="12" count="1" type="stmt"/>
          <line num="18" count="3" type="stmt"/>
          <line num="32" count="3" type="cond" truecount="2" falsecount="0"/>
          <line num="49" count="1" type="stmt"/>
          <line num="50" count="3" type="stmt"/>
        </file>
        <file name="Icon.jsx" path="/Users/alexieyizhe/Documents/Projects/alexieyizhe.github.io/src/components/Icon.jsx">
          <metrics statements="8" coveredstatements="8" conditionals="0" coveredconditionals="0" methods="5" coveredmethods="5"/>
          <line num="12" count="2" type="stmt"/>
          <line num="14" count="8" type="stmt"/>
          <line num="15" count="8" type="stmt"/>
          <line num="16" count="8" type="stmt"/>
          <line num="17" count="8" type="stmt"/>
          <line num="21" count="2" type="stmt"/>
          <line num="353" count="2" type="stmt"/>
          <line num="354" count="8" type="stmt"/>
        </file>
        <file name="PageHeader.jsx" path="/Users/alexieyizhe/Documents/Projects/alexieyizhe.github.io/src/components/PageHeader.jsx">
          <metrics statements="2" coveredstatements="2" conditionals="2" coveredconditionals="1" methods="1" coveredmethods="1"/>
          <line num="6" count="1" type="stmt"/>
          <line num="22" count="2" type="stmt"/>
        </file>
        <file name="ScrambleText.jsx" path="/Users/alexieyizhe/Documents/Projects/alexieyizhe.github.io/src/components/ScrambleText.jsx">
          <metrics statements="27" coveredstatements="26" conditionals="10" coveredconditionals="10" methods="11" coveredmethods="10"/>
          <line num="11" count="1" type="stmt"/>
          <line num="28" count="4" type="stmt"/>
          <line num="29" count="4" type="stmt"/>
          <line num="30" count="4" type="stmt"/>
          <line num="39" count="4" type="stmt"/>
          <line num="43" count="51" type="stmt"/>
          <line num="44" count="51" type="stmt"/>
          <line num="51" count="51" type="cond" truecount="2" falsecount="0"/>
          <line num="52" count="2" type="stmt"/>
          <line num="53" count="2" type="stmt"/>
          <line num="55" count="49" type="stmt"/>
          <line num="60" count="51" type="stmt"/>
          <line num="61" count="51" type="stmt"/>
          <line num="62" count="714" type="cond" truecount="2" falsecount="0"/>
          <line num="63" count="447" type="stmt"/>
          <line num="64" count="447" type="stmt"/>
          <line num="65" count="267" type="cond" truecount="2" falsecount="0"/>
          <line num="66" count="9" type="stmt"/>
          <line num="67" count="9" type="stmt"/>
          <line num="72" count="258" type="stmt"/>
          <line num="75" count="258" type="cond" truecount="2" falsecount="0"/>
          <line num="78" count="258" type="stmt"/>
          <line num="80" count="51" type="stmt"/>
          <line num="84" count="1" type="stmt"/>
          <line num="88" count="58" type="stmt"/>
          <line num="91" count="1" type="stmt"/>
          <line num="92" count="0" type="stmt"/>
        </file>
        <file name="StatCounter.jsx" path="/Users/alexieyizhe/Documents/Projects/alexieyizhe.github.io/src/components/StatCounter.jsx">
          <metrics statements="5" coveredstatements="5" conditionals="6" coveredconditionals="6" methods="1" coveredmethods="1"/>
          <line num="13" count="1" type="stmt"/>
          <line num="31" count="1" type="stmt"/>
          <line num="42" count="1" type="stmt"/>
          <line num="53" count="1" type="stmt"/>
          <line num="54" count="1" type="stmt"/>
        </file>
        <file name="WorkShowcase.jsx" path="/Users/alexieyizhe/Documents/Projects/alexieyizhe.github.io/src/components/WorkShowcase.jsx">
          <metrics statements="27" coveredstatements="25" conditionals="30" coveredconditionals="28" methods="20" coveredmethods="18"/>
          <line num="10" count="1" type="stmt"/>
          <line num="14" count="4" type="cond" truecount="2" falsecount="0"/>
          <line num="29" count="4" type="stmt"/>
          <line num="65" count="4" type="cond" truecount="4" falsecount="0"/>
          <line num="68" count="1" type="stmt"/>
          <line num="109" count="1" type="stmt"/>
          <line num="133" count="1" type="stmt"/>
          <line num="145" count="4" type="cond" truecount="4" falsecount="0"/>
          <line num="165" count="1" type="stmt"/>
          <line num="181" count="1" type="stmt"/>
          <line num="184" count="4" type="cond" truecount="2" falsecount="0"/>
          <line num="190" count="4" type="cond" truecount="2" falsecount="0"/>
          <line num="191" count="4" type="cond" truecount="2" falsecount="0"/>
          <line num="195" count="4" type="cond" truecount="2" falsecount="0"/>
          <line num="196" count="4" type="cond" truecount="2" falsecount="0"/>
          <line num="199" count="4" type="cond" truecount="2" falsecount="0"/>
          <line num="200" count="4" type="cond" truecount="2" falsecount="0"/>
          <line num="204" count="1" type="stmt"/>
          <line num="214" count="2" type="stmt"/>
          <line num="215" count="2" type="stmt"/>
          <line num="222" count="1" type="stmt"/>
          <line num="226" count="4" type="stmt"/>
          <line num="228" count="1" type="cond" truecount="1" falsecount="1"/>
          <line num="234" count="0" type="stmt"/>
          <line num="235" count="0" type="stmt"/>
          <line num="237" count="1" type="stmt"/>
          <line num="238" count="1" type="stmt"/>
        </file>
      </package>
      <package name="data">
        <metrics statements="10" coveredstatements="10" conditionals="0" coveredconditionals="0" methods="2" coveredmethods="2"/>
        <file name="configOptions.js" path="/Users/alexieyizhe/Documents/Projects/alexieyizhe.github.io/src/data/configOptions.js">
          <metrics statements="9" coveredstatements="9" conditionals="0" coveredconditionals="0" methods="2" coveredmethods="2"/>
          <line num="3" count="4" type="stmt"/>
          <line num="10" count="4" type="stmt"/>
          <line num="11" count="21" type="stmt"/>
          <line num="16" count="12" type="stmt"/>
          <line num="21" count="4" type="stmt"/>
          <line num="54" count="4" type="stmt"/>
          <line num="69" count="4" type="stmt"/>
          <line num="93" count="4" type="stmt"/>
          <line num="95" count="4" type="stmt"/>
        </file>
        <file name="experienceData.js" path="/Users/alexieyizhe/Documents/Projects/alexieyizhe.github.io/src/data/experienceData.js">
          <metrics statements="1" coveredstatements="1" conditionals="0" coveredconditionals="0" methods="0" coveredmethods="0"/>
          <line num="1" count="1" type="stmt"/>
        </file>
      </package>
    </metrics>
  </project>
</coverage>
