<?xml version="1.0" encoding="UTF-8"?>
<coverage generated="1533424066421" clover="3.2.0">
  <project timestamp="1533424066421" name="All files">
    <metrics statements="117" coveredstatements="100" conditionals="68" coveredconditionals="55" methods="60" coveredmethods="49" elements="245" coveredelements="204" complexity="0" loc="117" ncloc="117" packages="2" files="12" classes="12">
      <package name="components">
        <metrics statements="107" coveredstatements="90" conditionals="68" coveredconditionals="55" methods="58" coveredmethods="47"/>
        <file name="FloatText.jsx" path="/Users/alexxie/Documents/Projects/alexieyizhe.me/src/components/FloatText.jsx">
          <metrics statements="6" coveredstatements="6" conditionals="8" coveredconditionals="8" methods="3" coveredmethods="3"/>
          <line num="11" count="2" type="stmt"/>
          <line num="12" count="8" type="stmt"/>
          <line num="30" count="2" type="stmt"/>
          <line num="32" count="8" type="cond" truecount="2" falsecount="0"/>
          <line num="37" count="2" type="stmt"/>
          <line num="38" count="8" type="stmt"/>
        </file>
        <file name="GlitchText.jsx" path="/Users/alexxie/Documents/Projects/alexieyizhe.me/src/components/GlitchText.jsx">
          <metrics statements="9" coveredstatements="9" conditionals="0" coveredconditionals="0" methods="7" coveredmethods="7"/>
          <line num="10" count="1" type="stmt"/>
          <line num="12" count="2" type="stmt"/>
          <line num="13" count="2" type="stmt"/>
          <line num="90" count="2" type="stmt"/>
          <line num="93" count="2" type="stmt"/>
          <line num="105" count="2" type="stmt"/>
          <line num="108" count="2" type="stmt"/>
          <line num="121" count="1" type="stmt"/>
          <line num="122" count="3" type="stmt"/>
        </file>
        <file name="HighlightText.jsx" path="/Users/alexxie/Documents/Projects/alexieyizhe.me/src/components/HighlightText.jsx">
          <metrics statements="5" coveredstatements="5" conditionals="2" coveredconditionals="2" methods="3" coveredmethods="3"/>
          <line num="12" count="1" type="stmt"/>
          <line num="18" count="3" type="stmt"/>
          <line num="32" count="3" type="cond" truecount="2" falsecount="0"/>
          <line num="49" count="1" type="stmt"/>
          <line num="50" count="3" type="stmt"/>
        </file>
        <file name="Icon.jsx" path="/Users/alexxie/Documents/Projects/alexieyizhe.me/src/components/Icon.jsx">
          <metrics statements="8" coveredstatements="8" conditionals="0" coveredconditionals="0" methods="5" coveredmethods="5"/>
          <line num="12" count="3" type="stmt"/>
          <line num="14" count="8" type="stmt"/>
          <line num="15" count="8" type="stmt"/>
          <line num="16" count="8" type="stmt"/>
          <line num="17" count="8" type="stmt"/>
          <line num="21" count="3" type="stmt"/>
          <line num="353" count="3" type="stmt"/>
          <line num="354" count="8" type="stmt"/>
        </file>
        <file name="PageFooter.jsx" path="/Users/alexxie/Documents/Projects/alexieyizhe.me/src/components/PageFooter.jsx">
          <metrics statements="4" coveredstatements="2" conditionals="0" coveredconditionals="0" methods="2" coveredmethods="0"/>
          <line num="9" count="1" type="stmt"/>
          <line num="34" count="1" type="stmt"/>
          <line num="35" count="0" type="stmt"/>
          <line num="53" count="0" type="stmt"/>
        </file>
        <file name="PageHeader.jsx" path="/Users/alexxie/Documents/Projects/alexieyizhe.me/src/components/PageHeader.jsx">
          <metrics statements="2" coveredstatements="2" conditionals="2" coveredconditionals="1" methods="1" coveredmethods="1"/>
          <line num="6" count="1" type="stmt"/>
          <line num="22" count="2" type="stmt"/>
        </file>
        <file name="SVGDrawIcon.jsx" path="/Users/alexxie/Documents/Projects/alexieyizhe.me/src/components/SVGDrawIcon.jsx">
          <metrics statements="14" coveredstatements="3" conditionals="10" coveredconditionals="0" methods="5" coveredmethods="0"/>
          <line num="12" count="1" type="stmt"/>
          <line num="21" count="1" type="stmt"/>
          <line num="27" count="1" type="stmt"/>
          <line num="34" count="0" type="stmt"/>
          <line num="35" count="0" type="stmt"/>
          <line num="41" count="0" type="cond" truecount="0" falsecount="2"/>
          <line num="42" count="0" type="stmt"/>
          <line num="47" count="0" type="stmt"/>
          <line num="48" count="0" type="cond" truecount="0" falsecount="4"/>
          <line num="49" count="0" type="stmt"/>
          <line num="51" count="0" type="cond" truecount="0" falsecount="2"/>
          <line num="54" count="0" type="stmt"/>
          <line num="56" count="0" type="stmt"/>
          <line num="57" count="0" type="stmt"/>
        </file>
        <file name="ScrambleText.jsx" path="/Users/alexxie/Documents/Projects/alexieyizhe.me/src/components/ScrambleText.jsx">
          <metrics statements="27" coveredstatements="25" conditionals="10" coveredconditionals="10" methods="11" coveredmethods="9"/>
          <line num="11" count="1" type="stmt"/>
          <line num="28" count="3" type="stmt"/>
          <line num="29" count="3" type="stmt"/>
          <line num="30" count="3" type="stmt"/>
          <line num="39" count="3" type="stmt"/>
          <line num="43" count="43" type="stmt"/>
          <line num="44" count="43" type="stmt"/>
          <line num="51" count="43" type="cond" truecount="2" falsecount="0"/>
          <line num="52" count="2" type="stmt"/>
          <line num="53" count="2" type="stmt"/>
          <line num="55" count="41" type="stmt"/>
          <line num="60" count="43" type="stmt"/>
          <line num="61" count="43" type="stmt"/>
          <line num="62" count="602" type="cond" truecount="2" falsecount="0"/>
          <line num="63" count="367" type="stmt"/>
          <line num="64" count="367" type="stmt"/>
          <line num="65" count="235" type="cond" truecount="2" falsecount="0"/>
          <line num="66" count="6" type="stmt"/>
          <line num="67" count="6" type="stmt"/>
          <line num="72" count="229" type="stmt"/>
          <line num="75" count="229" type="cond" truecount="2" falsecount="0"/>
          <line num="78" count="229" type="stmt"/>
          <line num="80" count="43" type="stmt"/>
          <line num="84" count="1" type="stmt"/>
          <line num="88" count="48" type="stmt"/>
          <line num="91" count="0" type="stmt"/>
          <line num="92" count="0" type="stmt"/>
        </file>
        <file name="StatCounter.jsx" path="/Users/alexxie/Documents/Projects/alexieyizhe.me/src/components/StatCounter.jsx">
          <metrics statements="5" coveredstatements="5" conditionals="6" coveredconditionals="6" methods="1" coveredmethods="1"/>
          <line num="13" count="1" type="stmt"/>
          <line num="31" count="1" type="stmt"/>
          <line num="42" count="1" type="stmt"/>
          <line num="53" count="1" type="stmt"/>
          <line num="54" count="1" type="stmt"/>
        </file>
        <file name="WorkShowcase.jsx" path="/Users/alexxie/Documents/Projects/alexieyizhe.me/src/components/WorkShowcase.jsx">
          <metrics statements="27" coveredstatements="25" conditionals="30" coveredconditionals="28" methods="20" coveredmethods="18"/>
          <line num="10" count="1" type="stmt"/>
          <line num="14" count="4" type="cond" truecount="2" falsecount="0"/>
          <line num="29" count="4" type="stmt"/>
          <line num="65" count="4" type="cond" truecount="4" falsecount="0"/>
          <line num="68" count="1" type="stmt"/>
          <line num="109" count="1" type="stmt"/>
          <line num="133" count="1" type="stmt"/>
          <line num="145" count="4" type="cond" truecount="4" falsecount="0"/>
          <line num="165" count="1" type="stmt"/>
          <line num="181" count="1" type="stmt"/>
          <line num="184" count="4" type="cond" truecount="2" falsecount="0"/>
          <line num="190" count="4" type="cond" truecount="2" falsecount="0"/>
          <line num="191" count="4" type="cond" truecount="2" falsecount="0"/>
          <line num="195" count="4" type="cond" truecount="2" falsecount="0"/>
          <line num="196" count="4" type="cond" truecount="2" falsecount="0"/>
          <line num="199" count="4" type="cond" truecount="2" falsecount="0"/>
          <line num="200" count="4" type="cond" truecount="2" falsecount="0"/>
          <line num="204" count="1" type="stmt"/>
          <line num="214" count="2" type="stmt"/>
          <line num="215" count="2" type="stmt"/>
          <line num="222" count="1" type="stmt"/>
          <line num="226" count="4" type="stmt"/>
          <line num="228" count="1" type="cond" truecount="1" falsecount="1"/>
          <line num="234" count="0" type="stmt"/>
          <line num="235" count="0" type="stmt"/>
          <line num="237" count="1" type="stmt"/>
          <line num="238" count="1" type="stmt"/>
        </file>
      </package>
      <package name="data">
        <metrics statements="10" coveredstatements="10" conditionals="0" coveredconditionals="0" methods="2" coveredmethods="2"/>
        <file name="configOptions.js" path="/Users/alexxie/Documents/Projects/alexieyizhe.me/src/data/configOptions.js">
          <metrics statements="9" coveredstatements="9" conditionals="0" coveredconditionals="0" methods="2" coveredmethods="2"/>
          <line num="3" count="5" type="stmt"/>
          <line num="10" count="5" type="stmt"/>
          <line num="11" count="23" type="stmt"/>
          <line num="16" count="15" type="stmt"/>
          <line num="21" count="5" type="stmt"/>
          <line num="54" count="5" type="stmt"/>
          <line num="69" count="5" type="stmt"/>
          <line num="93" count="5" type="stmt"/>
          <line num="95" count="5" type="stmt"/>
        </file>
        <file name="experienceData.js" path="/Users/alexxie/Documents/Projects/alexieyizhe.me/src/data/experienceData.js">
          <metrics statements="1" coveredstatements="1" conditionals="0" coveredconditionals="0" methods="0" coveredmethods="0"/>
          <line num="1" count="1" type="stmt"/>
        </file>
      </package>
    </metrics>
  </project>
</coverage>
