{"/Users/alexxie/Documents/Projects/alexieyizhe.me/src/components/FloatText.js": {"path":"/Users/alexxie/Documents/Projects/alexieyizhe.me/src/components/FloatText.js","statementMap":{"0":{"start":{"line":13,"column":17},"end":{"line":25,"column":1}},"1":{"start":{"line":14,"column":2},"end":{"line":24,"column":3}},"2":{"start":{"line":27,"column":23},"end":{"line":32,"column":1}},"3":{"start":{"line":29,"column":35},"end":{"line":29,"column":54}},"4":{"start":{"line":34,"column":18},"end":{"line":36,"column":1}},"5":{"start":{"line":35,"column":2},"end":{"line":35,"column":109}}},"fnMap":{"0":{"name":"(anonymous_0)","decl":{"start":{"line":13,"column":17},"end":{"line":13,"column":18}},"loc":{"start":{"line":14,"column":2},"end":{"line":24,"column":3}},"line":14},"1":{"name":"(anonymous_1)","decl":{"start":{"line":29,"column":24},"end":{"line":29,"column":25}},"loc":{"start":{"line":29,"column":35},"end":{"line":29,"column":54}},"line":29},"2":{"name":"(anonymous_2)","decl":{"start":{"line":34,"column":18},"end":{"line":34,"column":19}},"loc":{"start":{"line":35,"column":2},"end":{"line":35,"column":109}},"line":35}},"branchMap":{"0":{"loc":{"start":{"line":16,"column":38},"end":{"line":16,"column":54}},"type":"binary-expr","locations":[{"start":{"line":16,"column":38},"end":{"line":16,"column":48}},{"start":{"line":16,"column":52},"end":{"line":16,"column":54}}],"line":16},"1":{"loc":{"start":{"line":19,"column":37},"end":{"line":19,"column":50}},"type":"binary-expr","locations":[{"start":{"line":19,"column":37},"end":{"line":19,"column":45}},{"start":{"line":19,"column":49},"end":{"line":19,"column":50}}],"line":19},"2":{"loc":{"start":{"line":22,"column":38},"end":{"line":22,"column":54}},"type":"binary-expr","locations":[{"start":{"line":22,"column":38},"end":{"line":22,"column":48}},{"start":{"line":22,"column":52},"end":{"line":22,"column":54}}],"line":22},"3":{"loc":{"start":{"line":29,"column":35},"end":{"line":29,"column":54}},"type":"binary-expr","locations":[{"start":{"line":29,"column":35},"end":{"line":29,"column":49}},{"start":{"line":29,"column":53},"end":{"line":29,"column":54}}],"line":29}},"s":{"0":1,"1":3,"2":1,"3":3,"4":1,"5":3},"f":{"0":3,"1":3,"2":3},"b":{"0":[3,0],"1":[3,0],"2":[3,0],"3":[3,3]},"_coverageSchema":"332fd63041d2c1bcb487cc26dd0d5f7d97098a6c","hash":"71aa608badbcbedccad5903819525763768501eb"}
,"/Users/alexxie/Documents/Projects/alexieyizhe.me/src/components/GlitchText.js": {"path":"/Users/alexxie/Documents/Projects/alexieyizhe.me/src/components/GlitchText.js","statementMap":{"0":{"start":{"line":11,"column":18},"end":{"line":96,"column":1}},"1":{"start":{"line":13,"column":22},"end":{"line":13,"column":33}},"2":{"start":{"line":14,"column":21},"end":{"line":14,"column":31}},"3":{"start":{"line":67,"column":27},"end":{"line":67,"column":37}},"4":{"start":{"line":70,"column":24},"end":{"line":70,"column":35}},"5":{"start":{"line":82,"column":27},"end":{"line":82,"column":37}},"6":{"start":{"line":85,"column":24},"end":{"line":85,"column":35}},"7":{"start":{"line":98,"column":15},"end":{"line":102,"column":1}},"8":{"start":{"line":99,"column":2},"end":{"line":101,"column":14}}},"fnMap":{"0":{"name":"(anonymous_0)","decl":{"start":{"line":13,"column":11},"end":{"line":13,"column":12}},"loc":{"start":{"line":13,"column":22},"end":{"line":13,"column":33}},"line":13},"1":{"name":"(anonymous_1)","decl":{"start":{"line":14,"column":10},"end":{"line":14,"column":11}},"loc":{"start":{"line":14,"column":21},"end":{"line":14,"column":31}},"line":14},"2":{"name":"(anonymous_2)","decl":{"start":{"line":67,"column":16},"end":{"line":67,"column":17}},"loc":{"start":{"line":67,"column":27},"end":{"line":67,"column":37}},"line":67},"3":{"name":"(anonymous_3)","decl":{"start":{"line":70,"column":13},"end":{"line":70,"column":14}},"loc":{"start":{"line":70,"column":24},"end":{"line":70,"column":35}},"line":70},"4":{"name":"(anonymous_4)","decl":{"start":{"line":82,"column":16},"end":{"line":82,"column":17}},"loc":{"start":{"line":82,"column":27},"end":{"line":82,"column":37}},"line":82},"5":{"name":"(anonymous_5)","decl":{"start":{"line":85,"column":13},"end":{"line":85,"column":14}},"loc":{"start":{"line":85,"column":24},"end":{"line":85,"column":35}},"line":85},"6":{"name":"(anonymous_6)","decl":{"start":{"line":98,"column":15},"end":{"line":98,"column":16}},"loc":{"start":{"line":99,"column":2},"end":{"line":101,"column":14}},"line":99}},"branchMap":{},"s":{"0":1,"1":2,"2":2,"3":2,"4":2,"5":2,"6":2,"7":1,"8":3},"f":{"0":2,"1":2,"2":2,"3":2,"4":2,"5":2,"6":3},"b":{},"_coverageSchema":"332fd63041d2c1bcb487cc26dd0d5f7d97098a6c","hash":"a42cee67cc1ea6554d58ad10e7651c579c49b5fe"}
,"/Users/alexxie/Documents/Projects/alexieyizhe.me/src/components/Icon.js": {"path":"/Users/alexxie/Documents/Projects/alexieyizhe.me/src/components/Icon.js","statementMap":{"0":{"start":{"line":13,"column":20},"end":{"line":20,"column":1}},"1":{"start":{"line":15,"column":24},"end":{"line":15,"column":34}},"2":{"start":{"line":16,"column":25},"end":{"line":16,"column":35}},"3":{"start":{"line":17,"column":25},"end":{"line":17,"column":36}},"4":{"start":{"line":18,"column":24},"end":{"line":18,"column":39}},"5":{"start":{"line":22,"column":14},"end":{"line":123,"column":1}},"6":{"start":{"line":125,"column":13},"end":{"line":129,"column":1}},"7":{"start":{"line":126,"column":2},"end":{"line":128,"column":16}}},"fnMap":{"0":{"name":"(anonymous_0)","decl":{"start":{"line":15,"column":13},"end":{"line":15,"column":14}},"loc":{"start":{"line":15,"column":24},"end":{"line":15,"column":34}},"line":15},"1":{"name":"(anonymous_1)","decl":{"start":{"line":16,"column":14},"end":{"line":16,"column":15}},"loc":{"start":{"line":16,"column":25},"end":{"line":16,"column":35}},"line":16},"2":{"name":"(anonymous_2)","decl":{"start":{"line":17,"column":14},"end":{"line":17,"column":15}},"loc":{"start":{"line":17,"column":25},"end":{"line":17,"column":36}},"line":17},"3":{"name":"(anonymous_3)","decl":{"start":{"line":18,"column":13},"end":{"line":18,"column":14}},"loc":{"start":{"line":18,"column":24},"end":{"line":18,"column":39}},"line":18},"4":{"name":"(anonymous_4)","decl":{"start":{"line":125,"column":13},"end":{"line":125,"column":14}},"loc":{"start":{"line":126,"column":2},"end":{"line":128,"column":16}},"line":126}},"branchMap":{},"s":{"0":2,"1":3,"2":3,"3":3,"4":3,"5":2,"6":2,"7":3},"f":{"0":3,"1":3,"2":3,"3":3,"4":3},"b":{},"_coverageSchema":"332fd63041d2c1bcb487cc26dd0d5f7d97098a6c","hash":"5ebba9136af19077f234901bf3a3853bba3cc716"}
,"/Users/alexxie/Documents/Projects/alexieyizhe.me/src/components/PageFooter.js": {"path":"/Users/alexxie/Documents/Projects/alexieyizhe.me/src/components/PageFooter.js","statementMap":{"0":{"start":{"line":10,"column":24},"end":{"line":35,"column":1}},"1":{"start":{"line":37,"column":19},"end":{"line":68,"column":1}},"2":{"start":{"line":38,"column":2},"end":{"line":67,"column":20}},"3":{"start":{"line":49,"column":55},"end":{"line":49,"column":82}}},"fnMap":{"0":{"name":"(anonymous_0)","decl":{"start":{"line":37,"column":19},"end":{"line":37,"column":20}},"loc":{"start":{"line":38,"column":2},"end":{"line":67,"column":20}},"line":38},"1":{"name":"(anonymous_1)","decl":{"start":{"line":49,"column":49},"end":{"line":49,"column":50}},"loc":{"start":{"line":49,"column":55},"end":{"line":49,"column":82}},"line":49}},"branchMap":{},"s":{"0":1,"1":1,"2":3,"3":0},"f":{"0":3,"1":0},"b":{},"_coverageSchema":"332fd63041d2c1bcb487cc26dd0d5f7d97098a6c","hash":"497a4f69ab6d8c4541823a933580804956e1535f"}
,"/Users/alexxie/Documents/Projects/alexieyizhe.me/src/components/PageHeader.js": {"path":"/Users/alexxie/Documents/Projects/alexieyizhe.me/src/components/PageHeader.js","statementMap":{"0":{"start":{"line":7,"column":15},"end":{"line":23,"column":1}},"1":{"start":{"line":25,"column":19},"end":{"line":27,"column":1}},"2":{"start":{"line":26,"column":2},"end":{"line":26,"column":32}}},"fnMap":{"0":{"name":"(anonymous_0)","decl":{"start":{"line":25,"column":19},"end":{"line":25,"column":20}},"loc":{"start":{"line":26,"column":2},"end":{"line":26,"column":32}},"line":26}},"branchMap":{"0":{"loc":{"start":{"line":16,"column":22},"end":{"line":16,"column":43}},"type":"cond-expr","locations":[{"start":{"line":16,"column":30},"end":{"line":16,"column":39}},{"start":{"line":16,"column":42},"end":{"line":16,"column":43}}],"line":16}},"s":{"0":1,"1":1,"2":1},"f":{"0":1},"b":{"0":[0,1]},"_coverageSchema":"332fd63041d2c1bcb487cc26dd0d5f7d97098a6c","hash":"de964ac084811aadf9ce310da076ac7290b66472"}
,"/Users/alexxie/Documents/Projects/alexieyizhe.me/src/components/SVGDrawIcon.js": {"path":"/Users/alexxie/Documents/Projects/alexieyizhe.me/src/components/SVGDrawIcon.js","statementMap":{"0":{"start":{"line":13,"column":15},"end":{"line":20,"column":1}},"1":{"start":{"line":22,"column":16},"end":{"line":26,"column":1}},"2":{"start":{"line":28,"column":13},"end":{"line":31,"column":1}},"3":{"start":{"line":36,"column":4},"end":{"line":36,"column":17}},"4":{"start":{"line":37,"column":4},"end":{"line":39,"column":6}},"5":{"start":{"line":43,"column":4},"end":{"line":45,"column":5}},"6":{"start":{"line":44,"column":6},"end":{"line":44,"column":41}},"7":{"start":{"line":49,"column":24},"end":{"line":49,"column":30}},"8":{"start":{"line":50,"column":4},"end":{"line":54,"column":5}},"9":{"start":{"line":51,"column":6},"end":{"line":51,"column":27}},"10":{"start":{"line":53,"column":6},"end":{"line":53,"column":51}},"11":{"start":{"line":56,"column":4},"end":{"line":69,"column":6}},"12":{"start":{"line":58,"column":28},"end":{"line":58,"column":50}},"13":{"start":{"line":59,"column":28},"end":{"line":59,"column":51}}},"fnMap":{"0":{"name":"(anonymous_0)","decl":{"start":{"line":35,"column":2},"end":{"line":35,"column":3}},"loc":{"start":{"line":35,"column":21},"end":{"line":40,"column":3}},"line":35},"1":{"name":"(anonymous_1)","decl":{"start":{"line":42,"column":2},"end":{"line":42,"column":3}},"loc":{"start":{"line":42,"column":24},"end":{"line":46,"column":3}},"line":42},"2":{"name":"(anonymous_2)","decl":{"start":{"line":48,"column":2},"end":{"line":48,"column":3}},"loc":{"start":{"line":48,"column":11},"end":{"line":70,"column":3}},"line":48},"3":{"name":"(anonymous_3)","decl":{"start":{"line":58,"column":22},"end":{"line":58,"column":23}},"loc":{"start":{"line":58,"column":28},"end":{"line":58,"column":50}},"line":58},"4":{"name":"(anonymous_4)","decl":{"start":{"line":59,"column":22},"end":{"line":59,"column":23}},"loc":{"start":{"line":59,"column":28},"end":{"line":59,"column":51}},"line":59}},"branchMap":{"0":{"loc":{"start":{"line":43,"column":4},"end":{"line":45,"column":5}},"type":"if","locations":[{"start":{"line":43,"column":4},"end":{"line":45,"column":5}},{"start":{"line":43,"column":4},"end":{"line":45,"column":5}}],"line":43},"1":{"loc":{"start":{"line":50,"column":4},"end":{"line":54,"column":5}},"type":"if","locations":[{"start":{"line":50,"column":4},"end":{"line":54,"column":5}},{"start":{"line":50,"column":4},"end":{"line":54,"column":5}}],"line":50},"2":{"loc":{"start":{"line":50,"column":7},"end":{"line":50,"column":39}},"type":"binary-expr","locations":[{"start":{"line":50,"column":7},"end":{"line":50,"column":17}},{"start":{"line":50,"column":21},"end":{"line":50,"column":39}}],"line":50},"3":{"loc":{"start":{"line":53,"column":22},"end":{"line":53,"column":50}},"type":"binary-expr","locations":[{"start":{"line":53,"column":22},"end":{"line":53,"column":40}},{"start":{"line":53,"column":44},"end":{"line":53,"column":50}}],"line":53},"4":{"loc":{"start":{"line":64,"column":59},"end":{"line":64,"column":85}},"type":"binary-expr","locations":[{"start":{"line":64,"column":59},"end":{"line":64,"column":78}},{"start":{"line":64,"column":82},"end":{"line":64,"column":85}}],"line":64}},"s":{"0":1,"1":1,"2":1,"3":0,"4":0,"5":0,"6":0,"7":0,"8":0,"9":0,"10":0,"11":0,"12":0,"13":0},"f":{"0":0,"1":0,"2":0,"3":0,"4":0},"b":{"0":[0,0],"1":[0,0],"2":[0,0],"3":[0,0],"4":[0,0]},"_coverageSchema":"332fd63041d2c1bcb487cc26dd0d5f7d97098a6c","hash":"446d0f9d8c8e8ffe0ab522e87fad9f9023a7f32c"}
,"/Users/alexxie/Documents/Projects/alexieyizhe.me/src/data/configOptions.js": {"path":"/Users/alexxie/Documents/Projects/alexieyizhe.me/src/data/configOptions.js","statementMap":{"0":{"start":{"line":3,"column":21},"end":{"line":7,"column":1}},"1":{"start":{"line":10,"column":25},"end":{"line":17,"column":6}},"2":{"start":{"line":11,"column":2},"end":{"line":15,"column":3}},"3":{"start":{"line":11,"column":28},"end":{"line":15,"column":3}},"4":{"start":{"line":16,"column":2},"end":{"line":16,"column":12}},"5":{"start":{"line":21,"column":31},"end":{"line":52,"column":1}},"6":{"start":{"line":54,"column":30},"end":{"line":67,"column":1}},"7":{"start":{"line":69,"column":29},"end":{"line":91,"column":1}},"8":{"start":{"line":93,"column":31},"end":{"line":93,"column":95}},"9":{"start":{"line":95,"column":30},"end":{"line":204,"column":1}}},"fnMap":{"0":{"name":"(anonymous_0)","decl":{"start":{"line":10,"column":58},"end":{"line":10,"column":59}},"loc":{"start":{"line":10,"column":74},"end":{"line":17,"column":1}},"line":10},"1":{"name":"(anonymous_1)","decl":{"start":{"line":11,"column":15},"end":{"line":11,"column":16}},"loc":{"start":{"line":11,"column":28},"end":{"line":15,"column":3}},"line":11}},"branchMap":{},"s":{"0":2,"1":2,"2":6,"3":4,"4":6,"5":2,"6":2,"7":2,"8":2,"9":2},"f":{"0":6,"1":4},"b":{},"_coverageSchema":"332fd63041d2c1bcb487cc26dd0d5f7d97098a6c","hash":"89d8e49d39b6dd0a25fa8958142687da3042b451"}
}
