{"/Users/alexxie/Documents/Projects/alexieyizhe.me/src/components/FloatText.jsx": {"path":"/Users/alexxie/Documents/Projects/alexieyizhe.me/src/components/FloatText.jsx","statementMap":{"0":{"start":{"line":13,"column":17},"end":{"line":25,"column":1}},"1":{"start":{"line":14,"column":2},"end":{"line":24,"column":3}},"2":{"start":{"line":27,"column":23},"end":{"line":32,"column":1}},"3":{"start":{"line":29,"column":35},"end":{"line":29,"column":54}},"4":{"start":{"line":34,"column":18},"end":{"line":36,"column":1}},"5":{"start":{"line":35,"column":2},"end":{"line":35,"column":109}}},"fnMap":{"0":{"name":"(anonymous_0)","decl":{"start":{"line":13,"column":17},"end":{"line":13,"column":18}},"loc":{"start":{"line":14,"column":2},"end":{"line":24,"column":3}},"line":14},"1":{"name":"(anonymous_1)","decl":{"start":{"line":29,"column":24},"end":{"line":29,"column":25}},"loc":{"start":{"line":29,"column":35},"end":{"line":29,"column":54}},"line":29},"2":{"name":"(anonymous_2)","decl":{"start":{"line":34,"column":18},"end":{"line":34,"column":19}},"loc":{"start":{"line":35,"column":2},"end":{"line":35,"column":109}},"line":35}},"branchMap":{"0":{"loc":{"start":{"line":16,"column":38},"end":{"line":16,"column":54}},"type":"binary-expr","locations":[{"start":{"line":16,"column":38},"end":{"line":16,"column":48}},{"start":{"line":16,"column":52},"end":{"line":16,"column":54}}],"line":16},"1":{"loc":{"start":{"line":19,"column":37},"end":{"line":19,"column":50}},"type":"binary-expr","locations":[{"start":{"line":19,"column":37},"end":{"line":19,"column":45}},{"start":{"line":19,"column":49},"end":{"line":19,"column":50}}],"line":19},"2":{"loc":{"start":{"line":22,"column":38},"end":{"line":22,"column":54}},"type":"binary-expr","locations":[{"start":{"line":22,"column":38},"end":{"line":22,"column":48}},{"start":{"line":22,"column":52},"end":{"line":22,"column":54}}],"line":22},"3":{"loc":{"start":{"line":29,"column":35},"end":{"line":29,"column":54}},"type":"binary-expr","locations":[{"start":{"line":29,"column":35},"end":{"line":29,"column":49}},{"start":{"line":29,"column":53},"end":{"line":29,"column":54}}],"line":29}},"s":{"0":2,"1":3,"2":2,"3":3,"4":2,"5":3},"f":{"0":3,"1":3,"2":3},"b":{"0":[3,0],"1":[3,1],"2":[3,0],"3":[3,3]},"_coverageSchema":"332fd63041d2c1bcb487cc26dd0d5f7d97098a6c","hash":"4f9142d140e2486203f6751ba80a3dbdae281035"}
,"/Users/alexxie/Documents/Projects/alexieyizhe.me/src/components/GlitchText.jsx": {"path":"/Users/alexxie/Documents/Projects/alexieyizhe.me/src/components/GlitchText.jsx","statementMap":{"0":{"start":{"line":11,"column":18},"end":{"line":96,"column":1}},"1":{"start":{"line":13,"column":22},"end":{"line":13,"column":33}},"2":{"start":{"line":14,"column":21},"end":{"line":14,"column":31}},"3":{"start":{"line":67,"column":27},"end":{"line":67,"column":37}},"4":{"start":{"line":70,"column":24},"end":{"line":70,"column":35}},"5":{"start":{"line":82,"column":27},"end":{"line":82,"column":37}},"6":{"start":{"line":85,"column":24},"end":{"line":85,"column":35}},"7":{"start":{"line":98,"column":15},"end":{"line":102,"column":1}},"8":{"start":{"line":99,"column":2},"end":{"line":101,"column":14}}},"fnMap":{"0":{"name":"(anonymous_0)","decl":{"start":{"line":13,"column":11},"end":{"line":13,"column":12}},"loc":{"start":{"line":13,"column":22},"end":{"line":13,"column":33}},"line":13},"1":{"name":"(anonymous_1)","decl":{"start":{"line":14,"column":10},"end":{"line":14,"column":11}},"loc":{"start":{"line":14,"column":21},"end":{"line":14,"column":31}},"line":14},"2":{"name":"(anonymous_2)","decl":{"start":{"line":67,"column":16},"end":{"line":67,"column":17}},"loc":{"start":{"line":67,"column":27},"end":{"line":67,"column":37}},"line":67},"3":{"name":"(anonymous_3)","decl":{"start":{"line":70,"column":13},"end":{"line":70,"column":14}},"loc":{"start":{"line":70,"column":24},"end":{"line":70,"column":35}},"line":70},"4":{"name":"(anonymous_4)","decl":{"start":{"line":82,"column":16},"end":{"line":82,"column":17}},"loc":{"start":{"line":82,"column":27},"end":{"line":82,"column":37}},"line":82},"5":{"name":"(anonymous_5)","decl":{"start":{"line":85,"column":13},"end":{"line":85,"column":14}},"loc":{"start":{"line":85,"column":24},"end":{"line":85,"column":35}},"line":85},"6":{"name":"(anonymous_6)","decl":{"start":{"line":98,"column":15},"end":{"line":98,"column":16}},"loc":{"start":{"line":99,"column":2},"end":{"line":101,"column":14}},"line":99}},"branchMap":{},"s":{"0":1,"1":2,"2":2,"3":2,"4":2,"5":2,"6":2,"7":1,"8":3},"f":{"0":2,"1":2,"2":2,"3":2,"4":2,"5":2,"6":3},"b":{},"_coverageSchema":"332fd63041d2c1bcb487cc26dd0d5f7d97098a6c","hash":"6cc692ad1ec0d36886c68fc0a7fd092f52a0280d"}
,"/Users/alexxie/Documents/Projects/alexieyizhe.me/src/components/HighlightText.jsx": {"path":"/Users/alexxie/Documents/Projects/alexieyizhe.me/src/components/HighlightText.jsx","statementMap":{"0":{"start":{"line":14,"column":18},"end":{"line":47,"column":1}},"1":{"start":{"line":19,"column":35},"end":{"line":19,"column":46}},"2":{"start":{"line":32,"column":17},"end":{"line":37,"column":12}},"3":{"start":{"line":50,"column":22},"end":{"line":52,"column":1}},"4":{"start":{"line":51,"column":2},"end":{"line":51,"column":85}}},"fnMap":{"0":{"name":"(anonymous_0)","decl":{"start":{"line":19,"column":24},"end":{"line":19,"column":25}},"loc":{"start":{"line":19,"column":35},"end":{"line":19,"column":46}},"line":19},"1":{"name":"(anonymous_1)","decl":{"start":{"line":32,"column":6},"end":{"line":32,"column":7}},"loc":{"start":{"line":32,"column":17},"end":{"line":37,"column":12}},"line":32},"2":{"name":"(anonymous_2)","decl":{"start":{"line":50,"column":22},"end":{"line":50,"column":23}},"loc":{"start":{"line":51,"column":2},"end":{"line":51,"column":85}},"line":51}},"branchMap":{"0":{"loc":{"start":{"line":32,"column":17},"end":{"line":37,"column":12}},"type":"cond-expr","locations":[{"start":{"line":32,"column":33},"end":{"line":37,"column":5}},{"start":{"line":37,"column":8},"end":{"line":37,"column":12}}],"line":32}},"s":{"0":1,"1":3,"2":3,"3":1,"4":3},"f":{"0":3,"1":3,"2":3},"b":{"0":[1,2]},"_coverageSchema":"332fd63041d2c1bcb487cc26dd0d5f7d97098a6c","hash":"d14f05596b7c7648c021b9087764159fda09f5fb"}
,"/Users/alexxie/Documents/Projects/alexieyizhe.me/src/components/Icon.jsx": {"path":"/Users/alexxie/Documents/Projects/alexieyizhe.me/src/components/Icon.jsx","statementMap":{"0":{"start":{"line":13,"column":20},"end":{"line":20,"column":1}},"1":{"start":{"line":15,"column":22},"end":{"line":15,"column":32}},"2":{"start":{"line":16,"column":25},"end":{"line":16,"column":35}},"3":{"start":{"line":17,"column":25},"end":{"line":17,"column":36}},"4":{"start":{"line":18,"column":24},"end":{"line":18,"column":39}},"5":{"start":{"line":22,"column":14},"end":{"line":123,"column":1}},"6":{"start":{"line":125,"column":13},"end":{"line":129,"column":1}},"7":{"start":{"line":126,"column":2},"end":{"line":128,"column":16}}},"fnMap":{"0":{"name":"(anonymous_0)","decl":{"start":{"line":15,"column":13},"end":{"line":15,"column":14}},"loc":{"start":{"line":15,"column":22},"end":{"line":15,"column":32}},"line":15},"1":{"name":"(anonymous_1)","decl":{"start":{"line":16,"column":14},"end":{"line":16,"column":15}},"loc":{"start":{"line":16,"column":25},"end":{"line":16,"column":35}},"line":16},"2":{"name":"(anonymous_2)","decl":{"start":{"line":17,"column":14},"end":{"line":17,"column":15}},"loc":{"start":{"line":17,"column":25},"end":{"line":17,"column":36}},"line":17},"3":{"name":"(anonymous_3)","decl":{"start":{"line":18,"column":13},"end":{"line":18,"column":14}},"loc":{"start":{"line":18,"column":24},"end":{"line":18,"column":39}},"line":18},"4":{"name":"(anonymous_4)","decl":{"start":{"line":125,"column":13},"end":{"line":125,"column":14}},"loc":{"start":{"line":126,"column":2},"end":{"line":128,"column":16}},"line":126}},"branchMap":{},"s":{"0":3,"1":3,"2":3,"3":3,"4":3,"5":3,"6":3,"7":3},"f":{"0":3,"1":3,"2":3,"3":3,"4":3},"b":{},"_coverageSchema":"332fd63041d2c1bcb487cc26dd0d5f7d97098a6c","hash":"acfaee047660e1f9f3bcf7cace9e5bb64084ff36"}
,"/Users/alexxie/Documents/Projects/alexieyizhe.me/src/components/PageFooter.jsx": {"path":"/Users/alexxie/Documents/Projects/alexieyizhe.me/src/components/PageFooter.jsx","statementMap":{"0":{"start":{"line":10,"column":24},"end":{"line":35,"column":1}},"1":{"start":{"line":37,"column":19},"end":{"line":68,"column":1}},"2":{"start":{"line":38,"column":2},"end":{"line":67,"column":20}},"3":{"start":{"line":49,"column":79},"end":{"line":49,"column":106}}},"fnMap":{"0":{"name":"(anonymous_0)","decl":{"start":{"line":37,"column":19},"end":{"line":37,"column":20}},"loc":{"start":{"line":38,"column":2},"end":{"line":67,"column":20}},"line":38},"1":{"name":"(anonymous_1)","decl":{"start":{"line":49,"column":73},"end":{"line":49,"column":74}},"loc":{"start":{"line":49,"column":79},"end":{"line":49,"column":106}},"line":49}},"branchMap":{},"s":{"0":1,"1":1,"2":0,"3":0},"f":{"0":0,"1":0},"b":{},"_coverageSchema":"332fd63041d2c1bcb487cc26dd0d5f7d97098a6c","hash":"d08cbe4897d4ce52d5e7bb8628f885da6e7f7d9d"}
,"/Users/alexxie/Documents/Projects/alexieyizhe.me/src/components/PageHeader.jsx": {"path":"/Users/alexxie/Documents/Projects/alexieyizhe.me/src/components/PageHeader.jsx","statementMap":{"0":{"start":{"line":7,"column":15},"end":{"line":23,"column":1}},"1":{"start":{"line":25,"column":19},"end":{"line":27,"column":1}},"2":{"start":{"line":26,"column":2},"end":{"line":26,"column":32}}},"fnMap":{"0":{"name":"(anonymous_0)","decl":{"start":{"line":25,"column":19},"end":{"line":25,"column":20}},"loc":{"start":{"line":26,"column":2},"end":{"line":26,"column":32}},"line":26}},"branchMap":{"0":{"loc":{"start":{"line":16,"column":22},"end":{"line":16,"column":43}},"type":"cond-expr","locations":[{"start":{"line":16,"column":30},"end":{"line":16,"column":39}},{"start":{"line":16,"column":42},"end":{"line":16,"column":43}}],"line":16}},"s":{"0":1,"1":1,"2":2},"f":{"0":2},"b":{"0":[0,1]},"_coverageSchema":"332fd63041d2c1bcb487cc26dd0d5f7d97098a6c","hash":"459bc82b1e58cea9601c61ed942b69dba46b982a"}
,"/Users/alexxie/Documents/Projects/alexieyizhe.me/src/components/SVGDrawIcon.jsx": {"path":"/Users/alexxie/Documents/Projects/alexieyizhe.me/src/components/SVGDrawIcon.jsx","statementMap":{"0":{"start":{"line":13,"column":15},"end":{"line":20,"column":1}},"1":{"start":{"line":22,"column":16},"end":{"line":26,"column":1}},"2":{"start":{"line":28,"column":13},"end":{"line":31,"column":1}},"3":{"start":{"line":36,"column":4},"end":{"line":36,"column":17}},"4":{"start":{"line":37,"column":4},"end":{"line":39,"column":6}},"5":{"start":{"line":43,"column":4},"end":{"line":45,"column":5}},"6":{"start":{"line":44,"column":6},"end":{"line":44,"column":41}},"7":{"start":{"line":49,"column":24},"end":{"line":49,"column":30}},"8":{"start":{"line":50,"column":4},"end":{"line":54,"column":5}},"9":{"start":{"line":51,"column":6},"end":{"line":51,"column":27}},"10":{"start":{"line":53,"column":6},"end":{"line":53,"column":51}},"11":{"start":{"line":56,"column":4},"end":{"line":69,"column":6}},"12":{"start":{"line":58,"column":28},"end":{"line":58,"column":50}},"13":{"start":{"line":59,"column":28},"end":{"line":59,"column":51}}},"fnMap":{"0":{"name":"(anonymous_0)","decl":{"start":{"line":35,"column":2},"end":{"line":35,"column":3}},"loc":{"start":{"line":35,"column":21},"end":{"line":40,"column":3}},"line":35},"1":{"name":"(anonymous_1)","decl":{"start":{"line":42,"column":2},"end":{"line":42,"column":3}},"loc":{"start":{"line":42,"column":24},"end":{"line":46,"column":3}},"line":42},"2":{"name":"(anonymous_2)","decl":{"start":{"line":48,"column":2},"end":{"line":48,"column":3}},"loc":{"start":{"line":48,"column":11},"end":{"line":70,"column":3}},"line":48},"3":{"name":"(anonymous_3)","decl":{"start":{"line":58,"column":22},"end":{"line":58,"column":23}},"loc":{"start":{"line":58,"column":28},"end":{"line":58,"column":50}},"line":58},"4":{"name":"(anonymous_4)","decl":{"start":{"line":59,"column":22},"end":{"line":59,"column":23}},"loc":{"start":{"line":59,"column":28},"end":{"line":59,"column":51}},"line":59}},"branchMap":{"0":{"loc":{"start":{"line":43,"column":4},"end":{"line":45,"column":5}},"type":"if","locations":[{"start":{"line":43,"column":4},"end":{"line":45,"column":5}},{"start":{"line":43,"column":4},"end":{"line":45,"column":5}}],"line":43},"1":{"loc":{"start":{"line":50,"column":4},"end":{"line":54,"column":5}},"type":"if","locations":[{"start":{"line":50,"column":4},"end":{"line":54,"column":5}},{"start":{"line":50,"column":4},"end":{"line":54,"column":5}}],"line":50},"2":{"loc":{"start":{"line":50,"column":7},"end":{"line":50,"column":39}},"type":"binary-expr","locations":[{"start":{"line":50,"column":7},"end":{"line":50,"column":17}},{"start":{"line":50,"column":21},"end":{"line":50,"column":39}}],"line":50},"3":{"loc":{"start":{"line":53,"column":22},"end":{"line":53,"column":50}},"type":"binary-expr","locations":[{"start":{"line":53,"column":22},"end":{"line":53,"column":40}},{"start":{"line":53,"column":44},"end":{"line":53,"column":50}}],"line":53},"4":{"loc":{"start":{"line":64,"column":59},"end":{"line":64,"column":85}},"type":"binary-expr","locations":[{"start":{"line":64,"column":59},"end":{"line":64,"column":78}},{"start":{"line":64,"column":82},"end":{"line":64,"column":85}}],"line":64}},"s":{"0":1,"1":1,"2":1,"3":0,"4":0,"5":0,"6":0,"7":0,"8":0,"9":0,"10":0,"11":0,"12":0,"13":0},"f":{"0":0,"1":0,"2":0,"3":0,"4":0},"b":{"0":[0,0],"1":[0,0],"2":[0,0],"3":[0,0],"4":[0,0]},"_coverageSchema":"332fd63041d2c1bcb487cc26dd0d5f7d97098a6c","hash":"5c3de1645ae565fed06be81744c8fdbb04cc7be9"}
,"/Users/alexxie/Documents/Projects/alexieyizhe.me/src/components/ScrambleText.jsx": {"path":"/Users/alexxie/Documents/Projects/alexieyizhe.me/src/components/ScrambleText.jsx","statementMap":{"0":{"start":{"line":11,"column":26},"end":{"line":19,"column":1}},"1":{"start":{"line":17,"column":26},"end":{"line":17,"column":72}},"2":{"start":{"line":24,"column":4},"end":{"line":24,"column":17}},"3":{"start":{"line":25,"column":4},"end":{"line":25,"column":37}},"4":{"start":{"line":26,"column":4},"end":{"line":31,"column":6}},"5":{"start":{"line":35,"column":4},"end":{"line":38,"column":6}},"6":{"start":{"line":36,"column":12},"end":{"line":36,"column":29}},"7":{"start":{"line":42,"column":4},"end":{"line":48,"column":7}},"8":{"start":{"line":43,"column":6},"end":{"line":47,"column":8}},"9":{"start":{"line":50,"column":4},"end":{"line":58,"column":5}},"10":{"start":{"line":51,"column":6},"end":{"line":51,"column":33}},"11":{"start":{"line":52,"column":6},"end":{"line":52,"column":36}},"12":{"start":{"line":54,"column":6},"end":{"line":57,"column":8}},"13":{"start":{"line":55,"column":14},"end":{"line":55,"column":31}},"14":{"start":{"line":62,"column":18},"end":{"line":62,"column":20}},"15":{"start":{"line":63,"column":4},"end":{"line":77,"column":5}},"16":{"start":{"line":64,"column":6},"end":{"line":70,"column":7}},"17":{"start":{"line":65,"column":8},"end":{"line":65,"column":27}},"18":{"start":{"line":66,"column":8},"end":{"line":66,"column":17}},"19":{"start":{"line":67,"column":13},"end":{"line":70,"column":7}},"20":{"start":{"line":68,"column":8},"end":{"line":68,"column":38}},"21":{"start":{"line":69,"column":8},"end":{"line":69,"column":17}},"22":{"start":{"line":73,"column":37},"end":{"line":73,"column":109}},"23":{"start":{"line":75,"column":22},"end":{"line":75,"column":134}},"24":{"start":{"line":76,"column":6},"end":{"line":76,"column":27}},"25":{"start":{"line":78,"column":4},"end":{"line":78,"column":19}},"26":{"start":{"line":82,"column":4},"end":{"line":82,"column":31}},"27":{"start":{"line":86,"column":4},"end":{"line":90,"column":6}}},"fnMap":{"0":{"name":"(anonymous_0)","decl":{"start":{"line":17,"column":15},"end":{"line":17,"column":16}},"loc":{"start":{"line":17,"column":26},"end":{"line":17,"column":72}},"line":17},"1":{"name":"(anonymous_1)","decl":{"start":{"line":23,"column":2},"end":{"line":23,"column":3}},"loc":{"start":{"line":23,"column":21},"end":{"line":32,"column":3}},"line":23},"2":{"name":"(anonymous_2)","decl":{"start":{"line":34,"column":2},"end":{"line":34,"column":3}},"loc":{"start":{"line":34,"column":22},"end":{"line":39,"column":3}},"line":34},"3":{"name":"(anonymous_3)","decl":{"start":{"line":36,"column":6},"end":{"line":36,"column":7}},"loc":{"start":{"line":36,"column":12},"end":{"line":36,"column":29}},"line":36},"4":{"name":"(anonymous_4)","decl":{"start":{"line":41,"column":2},"end":{"line":41,"column":3}},"loc":{"start":{"line":41,"column":15},"end":{"line":59,"column":3}},"line":41},"5":{"name":"(anonymous_5)","decl":{"start":{"line":42,"column":18},"end":{"line":42,"column":19}},"loc":{"start":{"line":42,"column":33},"end":{"line":48,"column":5}},"line":42},"6":{"name":"(anonymous_6)","decl":{"start":{"line":55,"column":8},"end":{"line":55,"column":9}},"loc":{"start":{"line":55,"column":14},"end":{"line":55,"column":31}},"line":55},"7":{"name":"(anonymous_7)","decl":{"start":{"line":61,"column":2},"end":{"line":61,"column":3}},"loc":{"start":{"line":61,"column":33},"end":{"line":79,"column":3}},"line":61},"8":{"name":"(anonymous_8)","decl":{"start":{"line":81,"column":2},"end":{"line":81,"column":3}},"loc":{"start":{"line":81,"column":25},"end":{"line":83,"column":3}},"line":81},"9":{"name":"(anonymous_9)","decl":{"start":{"line":85,"column":2},"end":{"line":85,"column":3}},"loc":{"start":{"line":85,"column":11},"end":{"line":91,"column":3}},"line":85}},"branchMap":{"0":{"loc":{"start":{"line":17,"column":26},"end":{"line":17,"column":72}},"type":"cond-expr","locations":[{"start":{"line":17,"column":39},"end":{"line":17,"column":63}},{"start":{"line":17,"column":66},"end":{"line":17,"column":72}}],"line":17},"1":{"loc":{"start":{"line":50,"column":4},"end":{"line":58,"column":5}},"type":"if","locations":[{"start":{"line":50,"column":4},"end":{"line":58,"column":5}},{"start":{"line":50,"column":4},"end":{"line":58,"column":5}}],"line":50},"2":{"loc":{"start":{"line":64,"column":6},"end":{"line":70,"column":7}},"type":"if","locations":[{"start":{"line":64,"column":6},"end":{"line":70,"column":7}},{"start":{"line":64,"column":6},"end":{"line":70,"column":7}}],"line":64},"3":{"loc":{"start":{"line":67,"column":13},"end":{"line":70,"column":7}},"type":"if","locations":[{"start":{"line":67,"column":13},"end":{"line":70,"column":7}},{"start":{"line":67,"column":13},"end":{"line":70,"column":7}}],"line":67},"4":{"loc":{"start":{"line":75,"column":22},"end":{"line":75,"column":134}},"type":"cond-expr","locations":[{"start":{"line":75,"column":56},"end":{"line":75,"column":74}},{"start":{"line":75,"column":77},"end":{"line":75,"column":134}}],"line":75}},"s":{"0":1,"1":50,"2":3,"3":3,"4":3,"5":3,"6":2,"7":45,"8":45,"9":45,"10":2,"11":2,"12":43,"13":43,"14":45,"15":45,"16":630,"17":392,"18":392,"19":238,"20":6,"21":6,"22":232,"23":232,"24":232,"25":45,"26":1,"27":50},"f":{"0":50,"1":3,"2":3,"3":2,"4":45,"5":45,"6":43,"7":45,"8":1,"9":50},"b":{"0":[2,48],"1":[2,43],"2":[392,238],"3":[6,232],"4":[19,213]},"_coverageSchema":"332fd63041d2c1bcb487cc26dd0d5f7d97098a6c","hash":"3fab1b0091b8a24965c86757c6a60381b932234c"}
,"/Users/alexxie/Documents/Projects/alexieyizhe.me/src/components/StatCounter.jsx": {"path":"/Users/alexxie/Documents/Projects/alexieyizhe.me/src/components/StatCounter.jsx","statementMap":{"0":{"start":{"line":13,"column":25},"end":{"line":30,"column":1}},"1":{"start":{"line":32,"column":16},"end":{"line":43,"column":1}},"2":{"start":{"line":45,"column":13},"end":{"line":55,"column":1}},"3":{"start":{"line":58,"column":20},"end":{"line":63,"column":1}},"4":{"start":{"line":59,"column":2},"end":{"line":62,"column":21}}},"fnMap":{"0":{"name":"(anonymous_0)","decl":{"start":{"line":58,"column":20},"end":{"line":58,"column":21}},"loc":{"start":{"line":59,"column":2},"end":{"line":62,"column":21}},"line":59}},"branchMap":{"0":{"loc":{"start":{"line":60,"column":29},"end":{"line":60,"column":50}},"type":"binary-expr","locations":[{"start":{"line":60,"column":29},"end":{"line":60,"column":45}},{"start":{"line":60,"column":49},"end":{"line":60,"column":50}}],"line":60},"1":{"loc":{"start":{"line":60,"column":57},"end":{"line":60,"column":78}},"type":"binary-expr","locations":[{"start":{"line":60,"column":57},"end":{"line":60,"column":71}},{"start":{"line":60,"column":75},"end":{"line":60,"column":78}}],"line":60},"2":{"loc":{"start":{"line":60,"column":90},"end":{"line":60,"column":116}},"type":"binary-expr","locations":[{"start":{"line":60,"column":90},"end":{"line":60,"column":109}},{"start":{"line":60,"column":113},"end":{"line":60,"column":116}}],"line":60}},"s":{"0":1,"1":1,"2":1,"3":1,"4":1},"f":{"0":1},"b":{"0":[1,1],"1":[1,0],"2":[1,0]},"_coverageSchema":"332fd63041d2c1bcb487cc26dd0d5f7d97098a6c","hash":"3dda4816a99526ec615715e6da43230452527bd6"}
,"/Users/alexxie/Documents/Projects/alexieyizhe.me/src/components/WorkShowcase.jsx": {"path":"/Users/alexxie/Documents/Projects/alexieyizhe.me/src/components/WorkShowcase.jsx","statementMap":{"0":{"start":{"line":11,"column":18},"end":{"line":106,"column":1}},"1":{"start":{"line":15,"column":22},"end":{"line":15,"column":52}},"2":{"start":{"line":30,"column":31},"end":{"line":30,"column":39}},"3":{"start":{"line":65,"column":15},"end":{"line":82,"column":12}},"4":{"start":{"line":67,"column":33},"end":{"line":67,"column":41}},"5":{"start":{"line":108,"column":18},"end":{"line":132,"column":1}},"6":{"start":{"line":134,"column":17},"end":{"line":159,"column":1}},"7":{"start":{"line":145,"column":15},"end":{"line":145,"column":72}},"8":{"start":{"line":161,"column":17},"end":{"line":177,"column":1}},"9":{"start":{"line":179,"column":17},"end":{"line":202,"column":1}},"10":{"start":{"line":182,"column":31},"end":{"line":182,"column":57}},"11":{"start":{"line":188,"column":27},"end":{"line":188,"column":53}},"12":{"start":{"line":189,"column":24},"end":{"line":189,"column":46}},"13":{"start":{"line":193,"column":29},"end":{"line":193,"column":56}},"14":{"start":{"line":194,"column":33},"end":{"line":194,"column":59}},"15":{"start":{"line":199,"column":29},"end":{"line":199,"column":56}},"16":{"start":{"line":200,"column":33},"end":{"line":200,"column":59}},"17":{"start":{"line":204,"column":22},"end":{"line":210,"column":1}},"18":{"start":{"line":214,"column":4},"end":{"line":214,"column":17}},"19":{"start":{"line":215,"column":4},"end":{"line":218,"column":6}},"20":{"start":{"line":222,"column":4},"end":{"line":222,"column":29}},"21":{"start":{"line":226,"column":4},"end":{"line":248,"column":6}},"22":{"start":{"line":227,"column":49},"end":{"line":227,"column":88}},"23":{"start":{"line":232,"column":30},"end":{"line":232,"column":52}},"24":{"start":{"line":233,"column":30},"end":{"line":233,"column":53}},"25":{"start":{"line":234,"column":25},"end":{"line":234,"column":96}},"26":{"start":{"line":234,"column":55},"end":{"line":234,"column":94}}},"fnMap":{"0":{"name":"(anonymous_0)","decl":{"start":{"line":15,"column":11},"end":{"line":15,"column":12}},"loc":{"start":{"line":15,"column":22},"end":{"line":15,"column":52}},"line":15},"1":{"name":"(anonymous_1)","decl":{"start":{"line":30,"column":20},"end":{"line":30,"column":21}},"loc":{"start":{"line":30,"column":31},"end":{"line":30,"column":39}},"line":30},"2":{"name":"(anonymous_2)","decl":{"start":{"line":65,"column":4},"end":{"line":65,"column":5}},"loc":{"start":{"line":65,"column":15},"end":{"line":82,"column":12}},"line":65},"3":{"name":"(anonymous_3)","decl":{"start":{"line":67,"column":22},"end":{"line":67,"column":23}},"loc":{"start":{"line":67,"column":33},"end":{"line":67,"column":41}},"line":67},"4":{"name":"(anonymous_4)","decl":{"start":{"line":145,"column":4},"end":{"line":145,"column":5}},"loc":{"start":{"line":145,"column":15},"end":{"line":145,"column":72}},"line":145},"5":{"name":"(anonymous_5)","decl":{"start":{"line":182,"column":20},"end":{"line":182,"column":21}},"loc":{"start":{"line":182,"column":31},"end":{"line":182,"column":57}},"line":182},"6":{"name":"(anonymous_6)","decl":{"start":{"line":188,"column":16},"end":{"line":188,"column":17}},"loc":{"start":{"line":188,"column":27},"end":{"line":188,"column":53}},"line":188},"7":{"name":"(anonymous_7)","decl":{"start":{"line":189,"column":13},"end":{"line":189,"column":14}},"loc":{"start":{"line":189,"column":24},"end":{"line":189,"column":46}},"line":189},"8":{"name":"(anonymous_8)","decl":{"start":{"line":193,"column":18},"end":{"line":193,"column":19}},"loc":{"start":{"line":193,"column":29},"end":{"line":193,"column":56}},"line":193},"9":{"name":"(anonymous_9)","decl":{"start":{"line":194,"column":22},"end":{"line":194,"column":23}},"loc":{"start":{"line":194,"column":33},"end":{"line":194,"column":59}},"line":194},"10":{"name":"(anonymous_10)","decl":{"start":{"line":199,"column":18},"end":{"line":199,"column":19}},"loc":{"start":{"line":199,"column":29},"end":{"line":199,"column":56}},"line":199},"11":{"name":"(anonymous_11)","decl":{"start":{"line":200,"column":22},"end":{"line":200,"column":23}},"loc":{"start":{"line":200,"column":33},"end":{"line":200,"column":59}},"line":200},"12":{"name":"(anonymous_12)","decl":{"start":{"line":213,"column":2},"end":{"line":213,"column":3}},"loc":{"start":{"line":213,"column":21},"end":{"line":219,"column":3}},"line":213},"13":{"name":"(anonymous_13)","decl":{"start":{"line":221,"column":2},"end":{"line":221,"column":3}},"loc":{"start":{"line":221,"column":23},"end":{"line":223,"column":3}},"line":221},"14":{"name":"(anonymous_14)","decl":{"start":{"line":225,"column":2},"end":{"line":225,"column":3}},"loc":{"start":{"line":225,"column":11},"end":{"line":249,"column":3}},"line":225},"15":{"name":"(anonymous_15)","decl":{"start":{"line":227,"column":34},"end":{"line":227,"column":35}},"loc":{"start":{"line":227,"column":49},"end":{"line":227,"column":88}},"line":227},"16":{"name":"(anonymous_16)","decl":{"start":{"line":232,"column":24},"end":{"line":232,"column":25}},"loc":{"start":{"line":232,"column":30},"end":{"line":232,"column":52}},"line":232},"17":{"name":"(anonymous_17)","decl":{"start":{"line":233,"column":24},"end":{"line":233,"column":25}},"loc":{"start":{"line":233,"column":30},"end":{"line":233,"column":53}},"line":233},"18":{"name":"(anonymous_18)","decl":{"start":{"line":234,"column":19},"end":{"line":234,"column":20}},"loc":{"start":{"line":234,"column":25},"end":{"line":234,"column":96}},"line":234},"19":{"name":"(anonymous_19)","decl":{"start":{"line":234,"column":39},"end":{"line":234,"column":40}},"loc":{"start":{"line":234,"column":54},"end":{"line":234,"column":95}},"line":234}},"branchMap":{"0":{"loc":{"start":{"line":15,"column":22},"end":{"line":15,"column":52}},"type":"cond-expr","locations":[{"start":{"line":15,"column":39},"end":{"line":15,"column":44}},{"start":{"line":15,"column":47},"end":{"line":15,"column":52}}],"line":15},"1":{"loc":{"start":{"line":65,"column":15},"end":{"line":82,"column":12}},"type":"cond-expr","locations":[{"start":{"line":65,"column":49},"end":{"line":82,"column":5}},{"start":{"line":82,"column":8},"end":{"line":82,"column":12}}],"line":65},"2":{"loc":{"start":{"line":65,"column":15},"end":{"line":65,"column":46}},"type":"binary-expr","locations":[{"start":{"line":65,"column":15},"end":{"line":65,"column":28}},{"start":{"line":65,"column":32},"end":{"line":65,"column":46}}],"line":65},"3":{"loc":{"start":{"line":124,"column":22},"end":{"line":124,"column":43}},"type":"cond-expr","locations":[{"start":{"line":124,"column":30},"end":{"line":124,"column":39}},{"start":{"line":124,"column":42},"end":{"line":124,"column":43}}],"line":124},"4":{"loc":{"start":{"line":145,"column":15},"end":{"line":145,"column":72}},"type":"cond-expr","locations":[{"start":{"line":145,"column":49},"end":{"line":145,"column":65}},{"start":{"line":145,"column":68},"end":{"line":145,"column":72}}],"line":145},"5":{"loc":{"start":{"line":145,"column":15},"end":{"line":145,"column":46}},"type":"binary-expr","locations":[{"start":{"line":145,"column":15},"end":{"line":145,"column":28}},{"start":{"line":145,"column":32},"end":{"line":145,"column":46}}],"line":145},"6":{"loc":{"start":{"line":182,"column":31},"end":{"line":182,"column":57}},"type":"cond-expr","locations":[{"start":{"line":182,"column":48},"end":{"line":182,"column":53}},{"start":{"line":182,"column":56},"end":{"line":182,"column":57}}],"line":182},"7":{"loc":{"start":{"line":188,"column":27},"end":{"line":188,"column":53}},"type":"cond-expr","locations":[{"start":{"line":188,"column":44},"end":{"line":188,"column":49}},{"start":{"line":188,"column":52},"end":{"line":188,"column":53}}],"line":188},"8":{"loc":{"start":{"line":189,"column":24},"end":{"line":189,"column":46}},"type":"cond-expr","locations":[{"start":{"line":189,"column":41},"end":{"line":189,"column":42}},{"start":{"line":189,"column":45},"end":{"line":189,"column":46}}],"line":189},"9":{"loc":{"start":{"line":193,"column":29},"end":{"line":193,"column":56}},"type":"cond-expr","locations":[{"start":{"line":193,"column":46},"end":{"line":193,"column":52}},{"start":{"line":193,"column":55},"end":{"line":193,"column":56}}],"line":193},"10":{"loc":{"start":{"line":194,"column":33},"end":{"line":194,"column":59}},"type":"cond-expr","locations":[{"start":{"line":194,"column":50},"end":{"line":194,"column":55}},{"start":{"line":194,"column":58},"end":{"line":194,"column":59}}],"line":194},"11":{"loc":{"start":{"line":199,"column":29},"end":{"line":199,"column":56}},"type":"cond-expr","locations":[{"start":{"line":199,"column":46},"end":{"line":199,"column":52}},{"start":{"line":199,"column":55},"end":{"line":199,"column":56}}],"line":199},"12":{"loc":{"start":{"line":200,"column":33},"end":{"line":200,"column":59}},"type":"cond-expr","locations":[{"start":{"line":200,"column":50},"end":{"line":200,"column":55}},{"start":{"line":200,"column":58},"end":{"line":200,"column":59}}],"line":200},"13":{"loc":{"start":{"line":227,"column":66},"end":{"line":227,"column":87}},"type":"binary-expr","locations":[{"start":{"line":227,"column":66},"end":{"line":227,"column":74}},{"start":{"line":227,"column":78},"end":{"line":227,"column":87}}],"line":227},"14":{"loc":{"start":{"line":243,"column":26},"end":{"line":243,"column":75}},"type":"cond-expr","locations":[{"start":{"line":243,"column":48},"end":{"line":243,"column":59}},{"start":{"line":243,"column":62},"end":{"line":243,"column":75}}],"line":243}},"s":{"0":1,"1":1,"2":1,"3":1,"4":0,"5":1,"6":1,"7":1,"8":1,"9":1,"10":1,"11":1,"12":1,"13":1,"14":1,"15":1,"16":1,"17":1,"18":1,"19":1,"20":0,"21":1,"22":0,"23":0,"24":0,"25":0,"26":0},"f":{"0":1,"1":1,"2":1,"3":0,"4":1,"5":1,"6":1,"7":1,"8":1,"9":1,"10":1,"11":1,"12":1,"13":0,"14":1,"15":0,"16":0,"17":0,"18":0,"19":0},"b":{"0":[0,1],"1":[0,1],"2":[1,1],"3":[0,1],"4":[0,1],"5":[1,1],"6":[0,1],"7":[0,1],"8":[0,1],"9":[0,1],"10":[0,1],"11":[0,1],"12":[0,1],"13":[0,0],"14":[0,1]},"_coverageSchema":"332fd63041d2c1bcb487cc26dd0d5f7d97098a6c","hash":"96bc15e7fd295ddbf8573ca5b1932f0eabc633df"}
,"/Users/alexxie/Documents/Projects/alexieyizhe.me/src/data/configOptions.js": {"path":"/Users/alexxie/Documents/Projects/alexieyizhe.me/src/data/configOptions.js","statementMap":{"0":{"start":{"line":3,"column":21},"end":{"line":7,"column":1}},"1":{"start":{"line":10,"column":25},"end":{"line":17,"column":6}},"2":{"start":{"line":11,"column":2},"end":{"line":15,"column":3}},"3":{"start":{"line":11,"column":28},"end":{"line":15,"column":3}},"4":{"start":{"line":16,"column":2},"end":{"line":16,"column":12}},"5":{"start":{"line":21,"column":31},"end":{"line":52,"column":1}},"6":{"start":{"line":54,"column":30},"end":{"line":67,"column":1}},"7":{"start":{"line":69,"column":29},"end":{"line":91,"column":1}},"8":{"start":{"line":93,"column":31},"end":{"line":93,"column":95}},"9":{"start":{"line":95,"column":30},"end":{"line":204,"column":1}}},"fnMap":{"0":{"name":"(anonymous_0)","decl":{"start":{"line":10,"column":58},"end":{"line":10,"column":59}},"loc":{"start":{"line":10,"column":74},"end":{"line":17,"column":1}},"line":10},"1":{"name":"(anonymous_1)","decl":{"start":{"line":11,"column":15},"end":{"line":11,"column":16}},"loc":{"start":{"line":11,"column":28},"end":{"line":15,"column":3}},"line":11}},"branchMap":{},"s":{"0":5,"1":5,"2":15,"3":22,"4":15,"5":5,"6":5,"7":5,"8":5,"9":5},"f":{"0":15,"1":22},"b":{},"_coverageSchema":"332fd63041d2c1bcb487cc26dd0d5f7d97098a6c","hash":"89d8e49d39b6dd0a25fa8958142687da3042b451"}
,"/Users/alexxie/Documents/Projects/alexieyizhe.me/src/data/experienceData.js": {"path":"/Users/alexxie/Documents/Projects/alexieyizhe.me/src/data/experienceData.js","statementMap":{"0":{"start":{"line":1,"column":30},"end":{"line":42,"column":1}}},"fnMap":{},"branchMap":{},"s":{"0":1},"f":{},"b":{},"_coverageSchema":"332fd63041d2c1bcb487cc26dd0d5f7d97098a6c","hash":"bf0e7b87379bd3aa8e2c342af886cc11b3a3f6e6"}
}
