TN:
SF:/Users/alexxie/Documents/Projects/alexieyizhe.me/src/components/FloatText.js
FN:13,(anonymous_0)
FN:29,(anonymous_1)
FN:34,(anonymous_2)
FNF:3
FNH:3
FNDA:3,(anonymous_0)
FNDA:3,(anonymous_1)
FNDA:3,(anonymous_2)
DA:13,2
DA:14,3
DA:27,2
DA:29,3
DA:34,2
DA:35,3
LF:6
LH:6
BRDA:16,0,0,3
BRDA:16,0,1,0
BRDA:19,1,0,3
BRDA:19,1,1,1
BRDA:22,2,0,3
BRDA:22,2,1,0
BRDA:29,3,0,3
BRDA:29,3,1,3
BRF:8
BRH:6
end_of_record
TN:
SF:/Users/alexxie/Documents/Projects/alexieyizhe.me/src/components/GlitchText.js
FN:13,(anonymous_0)
FN:14,(anonymous_1)
FN:67,(anonymous_2)
FN:70,(anonymous_3)
FN:82,(anonymous_4)
FN:85,(anonymous_5)
FN:98,(anonymous_6)
FNF:7
FNH:7
FNDA:2,(anonymous_0)
FNDA:2,(anonymous_1)
FNDA:2,(anonymous_2)
FNDA:2,(anonymous_3)
FNDA:2,(anonymous_4)
FNDA:2,(anonymous_5)
FNDA:3,(anonymous_6)
DA:11,1
DA:13,2
DA:14,2
DA:67,2
DA:70,2
DA:82,2
DA:85,2
DA:98,1
DA:99,3
LF:9
LH:9
BRF:0
BRH:0
end_of_record
TN:
SF:/Users/alexxie/Documents/Projects/alexieyizhe.me/src/components/HighlightText.js
FN:20,(anonymous_0)
FN:33,(anonymous_1)
FN:51,(anonymous_2)
FNF:3
FNH:3
FNDA:3,(anonymous_0)
FNDA:3,(anonymous_1)
FNDA:3,(anonymous_2)
DA:15,1
DA:20,3
DA:33,3
DA:51,1
DA:52,3
LF:5
LH:5
BRDA:33,0,0,1
BRDA:33,0,1,2
BRF:2
BRH:2
end_of_record
TN:
SF:/Users/alexxie/Documents/Projects/alexieyizhe.me/src/components/Icon.js
FN:15,(anonymous_0)
FN:16,(anonymous_1)
FN:17,(anonymous_2)
FN:18,(anonymous_3)
FN:125,(anonymous_4)
FNF:5
FNH:5
FNDA:23,(anonymous_0)
FNDA:23,(anonymous_1)
FNDA:23,(anonymous_2)
FNDA:23,(anonymous_3)
FNDA:23,(anonymous_4)
DA:13,3
DA:15,23
DA:16,23
DA:17,23
DA:18,23
DA:22,3
DA:125,3
DA:126,23
LF:8
LH:8
BRF:0
BRH:0
end_of_record
TN:
SF:/Users/alexxie/Documents/Projects/alexieyizhe.me/src/components/PageFooter.js
FN:37,(anonymous_0)
FN:49,(anonymous_1)
FNF:2
FNH:2
FNDA:2,(anonymous_0)
FNDA:1,(anonymous_1)
DA:10,1
DA:37,1
DA:38,2
DA:49,1
LF:4
LH:4
BRF:0
BRH:0
end_of_record
TN:
SF:/Users/alexxie/Documents/Projects/alexieyizhe.me/src/components/PageHeader.js
FN:25,(anonymous_0)
FNF:1
FNH:1
FNDA:2,(anonymous_0)
DA:7,1
DA:25,1
DA:26,2
LF:3
LH:3
BRDA:16,0,0,0
BRDA:16,0,1,1
BRF:2
BRH:1
end_of_record
TN:
SF:/Users/alexxie/Documents/Projects/alexieyizhe.me/src/components/SVGDrawIcon.js
FN:35,(anonymous_0)
FN:42,(anonymous_1)
FN:48,(anonymous_2)
FN:58,(anonymous_3)
FN:59,(anonymous_4)
FNF:5
FNH:2
FNDA:10,(anonymous_0)
FNDA:0,(anonymous_1)
FNDA:10,(anonymous_2)
FNDA:0,(anonymous_3)
FNDA:0,(anonymous_4)
DA:13,1
DA:22,1
DA:28,1
DA:36,10
DA:37,10
DA:43,0
DA:44,0
DA:49,10
DA:50,10
DA:51,0
DA:53,10
DA:56,10
DA:58,0
DA:59,0
LF:14
LH:9
BRDA:43,0,0,0
BRDA:43,0,1,0
BRDA:50,1,0,0
BRDA:50,1,1,10
BRDA:50,2,0,10
BRDA:50,2,1,10
BRDA:53,3,0,10
BRDA:53,3,1,10
BRDA:64,4,0,10
BRDA:64,4,1,10
BRF:10
BRH:7
end_of_record
TN:
SF:/Users/alexxie/Documents/Projects/alexieyizhe.me/src/components/ScrambleText.js
FN:17,(anonymous_0)
FN:23,(anonymous_1)
FN:34,(anonymous_2)
FN:36,(anonymous_3)
FN:41,(anonymous_4)
FN:42,(anonymous_5)
FN:55,(anonymous_6)
FN:61,(anonymous_7)
FN:81,(anonymous_8)
FN:85,(anonymous_9)
FNF:10
FNH:10
FNDA:53,(anonymous_0)
FNDA:3,(anonymous_1)
FNDA:3,(anonymous_2)
FNDA:2,(anonymous_3)
FNDA:48,(anonymous_4)
FNDA:48,(anonymous_5)
FNDA:46,(anonymous_6)
FNDA:48,(anonymous_7)
FNDA:1,(anonymous_8)
FNDA:53,(anonymous_9)
DA:11,1
DA:17,53
DA:24,3
DA:25,3
DA:26,3
DA:35,3
DA:36,2
DA:42,48
DA:43,48
DA:50,48
DA:51,2
DA:52,2
DA:54,46
DA:55,46
DA:62,48
DA:63,48
DA:64,672
DA:65,471
DA:66,471
DA:67,201
DA:68,6
DA:69,6
DA:73,195
DA:75,195
DA:76,195
DA:78,48
DA:82,1
DA:86,53
LF:28
LH:28
BRDA:17,0,0,2
BRDA:17,0,1,51
BRDA:50,1,0,2
BRDA:50,1,1,46
BRDA:64,2,0,471
BRDA:64,2,1,201
BRDA:67,3,0,6
BRDA:67,3,1,195
BRDA:75,4,0,17
BRDA:75,4,1,178
BRF:10
BRH:10
end_of_record
TN:
SF:/Users/alexxie/Documents/Projects/alexieyizhe.me/src/components/StatCounter.js
FN:58,(anonymous_0)
FNF:1
FNH:1
FNDA:1,(anonymous_0)
DA:13,1
DA:32,1
DA:45,1
DA:58,1
DA:59,1
LF:5
LH:5
BRDA:60,0,0,1
BRDA:60,0,1,1
BRDA:60,1,0,1
BRDA:60,1,1,0
BRDA:60,2,0,1
BRDA:60,2,1,0
BRF:6
BRH:4
end_of_record
TN:
SF:/Users/alexxie/Documents/Projects/alexieyizhe.me/src/components/WorkShowcase.js
FN:16,(anonymous_0)
FN:31,(anonymous_1)
FN:66,(anonymous_2)
FN:68,(anonymous_3)
FN:146,(anonymous_4)
FN:183,(anonymous_5)
FN:189,(anonymous_6)
FN:190,(anonymous_7)
FN:194,(anonymous_8)
FN:195,(anonymous_9)
FN:200,(anonymous_10)
FN:201,(anonymous_11)
FN:214,(anonymous_12)
FN:222,(anonymous_13)
FN:226,(anonymous_14)
FN:228,(anonymous_15)
FN:233,(anonymous_16)
FN:234,(anonymous_17)
FN:235,(anonymous_18)
FN:235,(anonymous_19)
FNF:20
FNH:13
FNDA:1,(anonymous_0)
FNDA:1,(anonymous_1)
FNDA:1,(anonymous_2)
FNDA:0,(anonymous_3)
FNDA:1,(anonymous_4)
FNDA:1,(anonymous_5)
FNDA:1,(anonymous_6)
FNDA:1,(anonymous_7)
FNDA:1,(anonymous_8)
FNDA:1,(anonymous_9)
FNDA:1,(anonymous_10)
FNDA:1,(anonymous_11)
FNDA:1,(anonymous_12)
FNDA:0,(anonymous_13)
FNDA:1,(anonymous_14)
FNDA:0,(anonymous_15)
FNDA:0,(anonymous_16)
FNDA:0,(anonymous_17)
FNDA:0,(anonymous_18)
FNDA:0,(anonymous_19)
DA:12,1
DA:16,1
DA:31,1
DA:66,1
DA:68,0
DA:109,1
DA:135,1
DA:146,1
DA:162,1
DA:180,1
DA:183,1
DA:189,1
DA:190,1
DA:194,1
DA:195,1
DA:200,1
DA:201,1
DA:205,1
DA:215,1
DA:216,1
DA:223,0
DA:227,1
DA:228,0
DA:233,0
DA:234,0
DA:235,0
LF:26
LH:20
BRDA:16,0,0,0
BRDA:16,0,1,1
BRDA:66,1,0,0
BRDA:66,1,1,1
BRDA:66,2,0,1
BRDA:66,2,1,1
BRDA:125,3,0,0
BRDA:125,3,1,1
BRDA:146,4,0,0
BRDA:146,4,1,1
BRDA:146,5,0,1
BRDA:146,5,1,1
BRDA:183,6,0,0
BRDA:183,6,1,1
BRDA:189,7,0,0
BRDA:189,7,1,1
BRDA:190,8,0,0
BRDA:190,8,1,1
BRDA:194,9,0,0
BRDA:194,9,1,1
BRDA:195,10,0,0
BRDA:195,10,1,1
BRDA:200,11,0,0
BRDA:200,11,1,1
BRDA:201,12,0,0
BRDA:201,12,1,1
BRDA:228,13,0,0
BRDA:228,13,1,0
BRDA:244,14,0,0
BRDA:244,14,1,1
BRF:30
BRH:16
end_of_record
TN:
SF:/Users/alexxie/Documents/Projects/alexieyizhe.me/src/data/configOptions.js
FN:10,(anonymous_0)
FN:11,(anonymous_1)
FNF:2
FNH:2
FNDA:15,(anonymous_0)
FNDA:22,(anonymous_1)
DA:3,5
DA:10,5
DA:11,22
DA:16,15
DA:21,5
DA:54,5
DA:69,5
DA:93,5
DA:95,5
LF:9
LH:9
BRF:0
BRH:0
end_of_record
TN:
SF:/Users/alexxie/Documents/Projects/alexieyizhe.me/src/data/experienceData.js
FNF:0
FNH:0
DA:1,1
LF:1
LH:1
BRF:0
BRH:0
end_of_record
