TN:
SF:/Users/alexieyizhe/Documents/Projects/alexieyizhe.github.io/src/components/FloatText.jsx
FN:12,(anonymous_0)
FN:27,(anonymous_1)
FN:32,(anonymous_2)
FNF:3
FNH:3
FNDA:8,(anonymous_0)
FNDA:8,(anonymous_1)
FNDA:8,(anonymous_2)
DA:12,2
DA:13,8
DA:25,2
DA:27,8
DA:32,2
DA:33,8
LF:6
LH:6
BRDA:15,0,0,8
BRDA:15,0,1,1
BRDA:18,1,0,8
BRDA:18,1,1,5
BRDA:21,2,0,8
BRDA:21,2,1,1
BRDA:27,3,0,8
BRDA:27,3,1,8
BRF:8
BRH:8
end_of_record
TN:
SF:/Users/alexieyizhe/Documents/Projects/alexieyizhe.github.io/src/components/GlitchText.jsx
FN:12,(anonymous_0)
FN:13,(anonymous_1)
FN:90,(anonymous_2)
FN:93,(anonymous_3)
FN:105,(anonymous_4)
FN:108,(anonymous_5)
FN:121,(anonymous_6)
FNF:7
FNH:7
FNDA:2,(anonymous_0)
FNDA:2,(anonymous_1)
FNDA:2,(anonymous_2)
FNDA:2,(anonymous_3)
FNDA:2,(anonymous_4)
FNDA:2,(anonymous_5)
FNDA:3,(anonymous_6)
DA:10,1
DA:12,2
DA:13,2
DA:90,2
DA:93,2
DA:105,2
DA:108,2
DA:121,1
DA:122,3
LF:9
LH:9
BRF:0
BRH:0
end_of_record
TN:
SF:/Users/alexieyizhe/Documents/Projects/alexieyizhe.github.io/src/components/HighlightText.jsx
FN:18,(anonymous_0)
FN:31,(anonymous_1)
FN:49,(anonymous_2)
FNF:3
FNH:3
FNDA:3,(anonymous_0)
FNDA:3,(anonymous_1)
FNDA:3,(anonymous_2)
DA:12,1
DA:18,3
DA:32,3
DA:49,1
DA:50,3
LF:5
LH:5
BRDA:32,0,0,1
BRDA:32,0,1,2
BRF:2
BRH:2
end_of_record
TN:
SF:/Users/alexieyizhe/Documents/Projects/alexieyizhe.github.io/src/components/Icon.jsx
FN:14,(anonymous_0)
FN:15,(anonymous_1)
FN:16,(anonymous_2)
FN:17,(anonymous_3)
FN:378,(anonymous_4)
FNF:5
FNH:5
FNDA:8,(anonymous_0)
FNDA:8,(anonymous_1)
FNDA:8,(anonymous_2)
FNDA:8,(anonymous_3)
FNDA:8,(anonymous_4)
DA:12,2
DA:14,8
DA:15,8
DA:16,8
DA:17,8
DA:21,2
DA:378,2
DA:379,8
LF:8
LH:8
BRF:0
BRH:0
end_of_record
TN:
SF:/Users/alexieyizhe/Documents/Projects/alexieyizhe.github.io/src/components/PageHeader.jsx
FN:23,(anonymous_0)
FNF:1
FNH:1
FNDA:2,(anonymous_0)
DA:7,1
DA:23,2
LF:2
LH:2
BRDA:16,0,0,0
BRDA:16,0,1,1
BRF:2
BRH:1
end_of_record
TN:
SF:/Users/alexieyizhe/Documents/Projects/alexieyizhe.github.io/src/components/ScrambleText.jsx
FN:27,(anonymous_0)
FN:38,(anonymous_1)
FN:39,(anonymous_2)
FN:42,(anonymous_3)
FN:43,(anonymous_4)
FN:55,(anonymous_5)
FN:59,(anonymous_6)
FN:83,(anonymous_7)
FN:87,(anonymous_8)
FN:91,(anonymous_9)
FN:92,(anonymous_10)
FNF:11
FNH:10
FNDA:4,(anonymous_0)
FNDA:4,(anonymous_1)
FNDA:3,(anonymous_2)
FNDA:55,(anonymous_3)
FNDA:55,(anonymous_4)
FNDA:52,(anonymous_5)
FNDA:55,(anonymous_6)
FNDA:1,(anonymous_7)
FNDA:62,(anonymous_8)
FNDA:1,(anonymous_9)
FNDA:0,(anonymous_10)
DA:11,1
DA:28,4
DA:29,4
DA:30,4
DA:39,4
DA:43,55
DA:44,55
DA:51,55
DA:52,2
DA:53,2
DA:55,53
DA:60,55
DA:61,55
DA:62,770
DA:63,431
DA:64,431
DA:65,339
DA:66,9
DA:67,9
DA:72,330
DA:75,330
DA:78,330
DA:80,55
DA:84,1
DA:88,62
DA:91,1
DA:92,0
LF:27
LH:26
BRDA:51,0,0,2
BRDA:51,0,1,53
BRDA:62,1,0,431
BRDA:62,1,1,339
BRDA:65,2,0,9
BRDA:65,2,1,330
BRDA:75,3,0,28
BRDA:75,3,1,302
BRDA:90,4,0,19
BRDA:90,4,1,43
BRF:10
BRH:10
end_of_record
TN:
SF:/Users/alexieyizhe/Documents/Projects/alexieyizhe.github.io/src/components/StatCounter.jsx
FN:52,(anonymous_0)
FNF:1
FNH:1
FNDA:1,(anonymous_0)
DA:13,1
DA:30,1
DA:41,1
DA:52,1
DA:53,1
LF:5
LH:5
BRDA:56,0,0,1
BRDA:56,0,1,1
BRDA:57,1,0,1
BRDA:57,1,1,1
BRDA:58,2,0,1
BRDA:58,2,1,1
BRF:6
BRH:6
end_of_record
TN:
SF:/Users/alexieyizhe/Documents/Projects/alexieyizhe.github.io/src/components/WorkShowcase.jsx
FN:14,(anonymous_0)
FN:29,(anonymous_1)
FN:64,(anonymous_2)
FN:68,(anonymous_3)
FN:142,(anonymous_4)
FN:181,(anonymous_5)
FN:186,(anonymous_6)
FN:187,(anonymous_7)
FN:191,(anonymous_8)
FN:192,(anonymous_9)
FN:195,(anonymous_10)
FN:196,(anonymous_11)
FN:209,(anonymous_12)
FN:217,(anonymous_13)
FN:221,(anonymous_14)
FN:224,(anonymous_15)
FN:230,(anonymous_16)
FN:231,(anonymous_17)
FN:232,(anonymous_18)
FN:233,(anonymous_19)
FNF:20
FNH:18
FNDA:4,(anonymous_0)
FNDA:4,(anonymous_1)
FNDA:4,(anonymous_2)
FNDA:1,(anonymous_3)
FNDA:4,(anonymous_4)
FNDA:4,(anonymous_5)
FNDA:4,(anonymous_6)
FNDA:4,(anonymous_7)
FNDA:4,(anonymous_8)
FNDA:4,(anonymous_9)
FNDA:4,(anonymous_10)
FNDA:4,(anonymous_11)
FNDA:2,(anonymous_12)
FNDA:1,(anonymous_13)
FNDA:4,(anonymous_14)
FNDA:1,(anonymous_15)
FNDA:0,(anonymous_16)
FNDA:0,(anonymous_17)
FNDA:1,(anonymous_18)
FNDA:1,(anonymous_19)
DA:10,1
DA:14,4
DA:29,4
DA:65,4
DA:68,1
DA:109,1
DA:131,1
DA:143,4
DA:163,1
DA:178,1
DA:181,4
DA:186,4
DA:187,4
DA:191,4
DA:192,4
DA:195,4
DA:196,4
DA:200,1
DA:210,2
DA:211,2
DA:218,1
DA:222,4
DA:224,1
DA:230,0
DA:231,0
DA:233,1
DA:234,1
LF:27
LH:25
BRDA:14,0,0,1
BRDA:14,0,1,3
BRDA:65,1,0,1
BRDA:65,1,1,3
BRDA:65,2,0,4
BRDA:65,2,1,4
BRDA:123,3,0,0
BRDA:123,3,1,1
BRDA:143,4,0,1
BRDA:143,4,1,3
BRDA:143,5,0,4
BRDA:143,5,1,4
BRDA:181,6,0,1
BRDA:181,6,1,3
BRDA:186,7,0,1
BRDA:186,7,1,3
BRDA:187,8,0,1
BRDA:187,8,1,3
BRDA:191,9,0,1
BRDA:191,9,1,3
BRDA:192,10,0,1
BRDA:192,10,1,3
BRDA:195,11,0,1
BRDA:195,11,1,3
BRDA:196,12,0,1
BRDA:196,12,1,3
BRDA:224,13,0,1
BRDA:224,13,1,0
BRDA:251,14,0,1
BRDA:251,14,1,3
BRF:30
BRH:28
end_of_record
TN:
SF:/Users/alexieyizhe/Documents/Projects/alexieyizhe.github.io/src/data/configOptions.js
FN:10,(anonymous_0)
FN:11,(anonymous_1)
FNF:2
FNH:2
FNDA:12,(anonymous_0)
FNDA:21,(anonymous_1)
DA:3,4
DA:10,4
DA:11,21
DA:16,12
DA:21,4
DA:54,4
DA:69,4
DA:107,4
DA:109,4
LF:9
LH:9
BRF:0
BRH:0
end_of_record
TN:
SF:/Users/alexieyizhe/Documents/Projects/alexieyizhe.github.io/src/data/experienceData.js
FNF:0
FNH:0
DA:1,1
LF:1
LH:1
BRF:0
BRH:0
end_of_record
